<?xml version="1.0" encoding="UTF-8"?>
<!-- Generated by org.testng.reporters.JUnitReportReporter -->
<testsuite skipped="0" hostname="UdaySurya-PC" name="otherconcepts.CalendersDemo" tests="1" failures="0" timestamp="30 Dec 2018 07:08:03 GMT" time="20.535" errors="0">
  <testcase name="calenderHandling" time="20.535" classname="otherconcepts.CalendersDemo"/>
</testsuite> <!-- otherconcepts.CalendersDemo -->
