<?xml version="1.0" encoding="UTF-8"?>
<!-- Generated by org.testng.reporters.JUnitReportReporter -->
<testsuite skipped="0" hostname="Vijju-PC" name="in.srssprojects.keximbank.TestExecution" tests="5" failures="0" timestamp="30 Nov 2018 18:13:54 GMT" time="39.490" errors="0">
  <testcase name="launch" time="9.651" classname="in.srssprojects.keximbank.TestExecution"/>
  <testcase name="login2" time="4.954" classname="in.srssprojects.keximbank.TestExecution"/>
  <testcase name="updateEmployee" time="13.908" classname="in.srssprojects.keximbank.TestExecution"/>
  <testcase name="deleteEmployee" time="4.767" classname="in.srssprojects.keximbank.TestExecution"/>
  <testcase name="tearDown" time="6.210" classname="in.srssprojects.keximbank.TestExecution"/>
</testsuite> <!-- in.srssprojects.keximbank.TestExecution -->
